# JRE version: Java(TM) SE Runtime Environment (23.0.1+11) (build 23.0.1+11-39)
# Java VM: Java HotSpot(TM) 64-Bit Server VM (23.0.1+11-39, mixed mode, emulated-client, sharing, tiered, compressed oops, compressed class ptrs, g1 gc, windows-amd64)
GC Precious Log:
 CardTable entry size: 512
 Card Set container configuration: InlinePtr #cards 4 size 8 Array Of Cards #cards 16 size 48 Howl #buckets 8 coarsen threshold 3686 Howl Bitmap #cards 512 size 80 coarsen threshold 460 Card regions per heap region 1 cards per card region 4096
 CPUs: 12 total, 12 available
 Memory: 16105M
 Large Page Support: Disabled
 NUMA Support: Disabled
 Compressed Oops: Enabled (Zero based)
 Heap Region Size: 2M
 Heap Min Capacity: 8M
 Heap Initial Capacity: 252M
 Heap Max Capacity: 4028M
 Pre-touch: Disabled
 Parallel Workers: 10
 Concurrent Workers: 3
 Concurrent Refinement Workers: 10
 Periodic GC: Disabled
Heap:
 garbage-first heap   total reserved 4124672K, committed 83968K, used 64693K [0x0000000704400000, 0x0000000800000000)
  region size 2048K, 19 young (38912K), 2 survivors (4096K)
 Metaspace       used 68670K, committed 69632K, reserved 1114112K
  class space    used 9874K, committed 10304K, reserved 1048576K
GC Heap History (20 events):
Event: 8.815 GC heap after
{Heap after GC invocations=21 (full 1):
 garbage-first heap   total reserved 4124672K, committed 83968K, used 25776K [0x0000000704400000, 0x0000000800000000)
  region size 2048K, 0 young (0K), 0 survivors (0K)
 Metaspace       used 68058K, committed 68800K, reserved 1114112K
  class space    used 9830K, committed 10176K, reserved 1048576K
}
Event: 9.225 GC heap before
{Heap before GC invocations=21 (full 1):
 garbage-first heap   total reserved 4124672K, committed 83968K, used 72880K [0x0000000704400000, 0x0000000800000000)
  region size 2048K, 24 young (49152K), 0 survivors (0K)
 Metaspace       used 68192K, committed 68928K, reserved 1114112K
  class space    used 9852K, committed 10176K, reserved 1048576K
}
Event: 9.227 GC heap after
{Heap after GC invocations=22 (full 1):
 garbage-first heap   total reserved 4124672K, committed 83968K, used 30405K [0x0000000704400000, 0x0000000800000000)
  region size 2048K, 3 young (6144K), 3 survivors (6144K)
 Metaspace       used 68192K, committed 68928K, reserved 1114112K
  class space    used 9852K, committed 10176K, reserved 1048576K
}
Event: 49.117 GC heap before
{Heap before GC invocations=22 (full 1):
 garbage-first heap   total reserved 4124672K, committed 83968K, used 61125K [0x0000000704400000, 0x0000000800000000)
  region size 2048K, 20 young (40960K), 3 survivors (6144K)
 Metaspace       used 68392K, committed 69184K, reserved 1114112K
  class space    used 9874K, committed 10240K, reserved 1048576K
}
Event: 49.147 GC heap after
{Heap after GC invocations=23 (full 2):
 garbage-first heap   total reserved 4124672K, committed 83968K, used 26221K [0x0000000704400000, 0x0000000800000000)
  region size 2048K, 0 young (0K), 0 survivors (0K)
 Metaspace       used 68390K, committed 69184K, reserved 1114112K
  class space    used 9873K, committed 10240K, reserved 1048576K
}
Event: 49.513 GC heap before
{Heap before GC invocations=23 (full 2):
 garbage-first heap   total reserved 4124672K, committed 83968K, used 69229K [0x0000000704400000, 0x0000000800000000)
  region size 2048K, 22 young (45056K), 0 survivors (0K)
 Metaspace       used 68489K, committed 69312K, reserved 1114112K
  class space    used 9892K, committed 10240K, reserved 1048576K
}
Event: 49.516 GC heap after
{Heap after GC invocations=24 (full 2):
 garbage-first heap   total reserved 4124672K, committed 83968K, used 30818K [0x0000000704400000, 0x0000000800000000)
  region size 2048K, 3 young (6144K), 3 survivors (6144K)
 Metaspace       used 68489K, committed 69312K, reserved 1114112K
  class space    used 9892K, committed 10240K, reserved 1048576K
}
Event: 49.792 GC heap before
{Heap before GC invocations=24 (full 2):
 garbage-first heap   total reserved 4124672K, committed 83968K, used 65634K [0x0000000704400000, 0x0000000800000000)
  region size 2048K, 20 young (40960K), 3 survivors (6144K)
 Metaspace       used 68709K, committed 69568K, reserved 1114112K
  class space    used 9913K, committed 10304K, reserved 1048576K
}
Event: 49.794 GC heap after
{Heap after GC invocations=25 (full 2):
 garbage-first heap   total reserved 4124672K, committed 83968K, used 32802K [0x0000000704400000, 0x0000000800000000)
  region size 2048K, 2 young (4096K), 2 survivors (4096K)
 Metaspace       used 68709K, committed 69568K, reserved 1114112K
  class space    used 9913K, committed 10304K, reserved 1048576K
}
Event: 93.929 GC heap before
{Heap before GC invocations=25 (full 2):
 garbage-first heap   total reserved 4124672K, committed 83968K, used 36898K [0x0000000704400000, 0x0000000800000000)
  region size 2048K, 5 young (10240K), 2 survivors (4096K)
 Metaspace       used 68713K, committed 69568K, reserved 1114112K
  class space    used 9914K, committed 10304K, reserved 1048576K
}
Event: 93.953 GC heap after
{Heap after GC invocations=26 (full 3):
 garbage-first heap   total reserved 4124672K, committed 83968K, used 26572K [0x0000000704400000, 0x0000000800000000)
  region size 2048K, 0 young (0K), 0 survivors (0K)
 Metaspace       used 68659K, committed 69568K, reserved 1114112K
  class space    used 9899K, committed 10304K, reserved 1048576K
}
Event: 94.352 GC heap before
{Heap before GC invocations=26 (full 3):
 garbage-first heap   total reserved 4124672K, committed 83968K, used 67532K [0x0000000704400000, 0x0000000800000000)
  region size 2048K, 21 young (43008K), 0 survivors (0K)
 Metaspace       used 68761K, committed 69568K, reserved 1114112K
  class space    used 9920K, committed 10304K, reserved 1048576K
}
Event: 94.354 GC heap after
{Heap after GC invocations=27 (full 3):
 garbage-first heap   total reserved 4124672K, committed 83968K, used 30943K [0x0000000704400000, 0x0000000800000000)
  region size 2048K, 3 young (6144K), 3 survivors (6144K)
 Metaspace       used 68761K, committed 69568K, reserved 1114112K
  class space    used 9920K, committed 10304K, reserved 1048576K
}
Event: 94.594 GC heap before
{Heap before GC invocations=27 (full 3):
 garbage-first heap   total reserved 4124672K, committed 83968K, used 65759K [0x0000000704400000, 0x0000000800000000)
  region size 2048K, 20 young (40960K), 3 survivors (6144K)
 Metaspace       used 68979K, committed 69760K, reserved 1114112K
  class space    used 9943K, committed 10304K, reserved 1048576K
}
Event: 94.596 GC heap after
{Heap after GC invocations=28 (full 3):
 garbage-first heap   total reserved 4124672K, committed 83968K, used 33575K [0x0000000704400000, 0x0000000800000000)
  region size 2048K, 2 young (4096K), 2 survivors (4096K)
 Metaspace       used 68979K, committed 69760K, reserved 1114112K
  class space    used 9943K, committed 10304K, reserved 1048576K
}
Event: 118.442 GC heap before
{Heap before GC invocations=28 (full 3):
 garbage-first heap   total reserved 4124672K, committed 83968K, used 37671K [0x0000000704400000, 0x0000000800000000)
  region size 2048K, 5 young (10240K), 2 survivors (4096K)
 Metaspace       used 68983K, committed 69760K, reserved 1114112K
  class space    used 9944K, committed 10304K, reserved 1048576K
}
Event: 118.475 GC heap after
{Heap after GC invocations=29 (full 4):
 garbage-first heap   total reserved 4124672K, committed 83968K, used 25425K [0x0000000704400000, 0x0000000800000000)
  region size 2048K, 0 young (0K), 0 survivors (0K)
 Metaspace       used 68400K, committed 69632K, reserved 1114112K
  class space    used 9829K, committed 10304K, reserved 1048576K
}
Event: 120.050 GC heap before
{Heap before GC invocations=29 (full 4):
 garbage-first heap   total reserved 4124672K, committed 83968K, used 66385K [0x0000000704400000, 0x0000000800000000)
  region size 2048K, 21 young (43008K), 0 survivors (0K)
 Metaspace       used 68506K, committed 69632K, reserved 1114112K
  class space    used 9849K, committed 10304K, reserved 1048576K
}
Event: 120.051 GC heap after
{Heap after GC invocations=30 (full 4):
 garbage-first heap   total reserved 4124672K, committed 83968K, used 29877K [0x0000000704400000, 0x0000000800000000)
  region size 2048K, 3 young (6144K), 3 survivors (6144K)
 Metaspace       used 68506K, committed 69632K, reserved 1114112K
  class space    used 9849K, committed 10304K, reserved 1048576K
}
Event: 8027.371 GC heap before
{Heap before GC invocations=30 (full 4):
 garbage-first heap   total reserved 4124672K, committed 83968K, used 64693K [0x0000000704400000, 0x0000000800000000)
  region size 2048K, 20 young (40960K), 3 survivors (6144K)
 Metaspace       used 68670K, committed 69632K, reserved 1114112K
  class space    used 9874K, committed 10304K, reserved 1048576K
}

